<?xml version="1.0" encoding="UTF-8"?>
<Site BuildName="(empty)"
	BuildStamp="20240805-1632-Experimental"
	Name="su-G5-5500"
	Generator="ctest-3.16.3"
	CompilerName="/usr/bin/c++"
	CompilerVersion="9.4.0"
	OSName="Linux"
	Hostname="su-G5-5500"
	OSRelease="5.15.0-116-generic"
	OSVersion="#126~20.04.1-Ubuntu SMP Mon Jul 1 15:40:07 UTC 2024"
	OSPlatform="x86_64"
	Is64Bits="1"
	VendorString="GenuineIntel"
	VendorID="Intel Corporation"
	FamilyID="6"
	ModelID="165"
	ProcessorCacheSize="12288"
	NumberOfLogicalCPU="12"
	NumberOfPhysicalCPU="6"
	TotalVirtualMemory="2047"
	TotalPhysicalMemory="31853"
	LogicalProcessorsPerPhysical="2"
	ProcessorClockFrequency="1582.87"
	>
	<Testing>
		<StartDateTime>Aug 06 00:32 CST</StartDateTime>
		<StartTestTime>1722875567</StartTestTime>
		<TestList/>
		<EndDateTime>Aug 06 00:32 CST</EndDateTime>
		<EndTestTime>1722875567</EndTestTime>
		<ElapsedMinutes>0</ElapsedMinutes>
	</Testing>
</Site>
