<?xml version="1.0" encoding="UTF-8"?>
<Site BuildName="(empty)"
	BuildStamp="20241014-1230-Experimental"
	Name="su-G5-5500"
	Generator="ctest-3.16.3"
	CompilerName="/usr/bin/c++"
	CompilerVersion="9.4.0"
	OSName="Linux"
	Hostname="su-G5-5500"
	OSRelease="5.15.0-122-generic"
	OSVersion="#132~20.04.1-Ubuntu SMP Fri Aug 30 15:50:07 UTC 2024"
	OSPlatform="x86_64"
	Is64Bits="1"
	VendorString="GenuineIntel"
	VendorID="Intel Corporation"
	FamilyID="6"
	ModelID="165"
	ProcessorCacheSize="12288"
	NumberOfLogicalCPU="12"
	NumberOfPhysicalCPU="6"
	TotalVirtualMemory="2047"
	TotalPhysicalMemory="31853"
	LogicalProcessorsPerPhysical="2"
	ProcessorClockFrequency="3499.54"
	>
	<Testing>
		<StartDateTime>Oct 15 00:25 CST</StartDateTime>
		<StartTestTime>1728923155</StartTestTime>
		<TestList/>
		<EndDateTime>Oct 15 00:25 CST</EndDateTime>
		<EndTestTime>1728923155</EndTestTime>
		<ElapsedMinutes>0</ElapsedMinutes>
	</Testing>
</Site>
